<?xml version="1.0" encoding="UTF-8"?>
<!-- Generated by org.testng.reporters.JUnitXMLReporter -->
<testsuite ignored="0" hostname="DESKTOP-9686HG9" failures="0" tests="10" name="Default test" time="0.051" errors="0" timestamp="2020-06-19T00:05:22 EDT">
  <testcase classname="socialMedia.Twitter" name="LoginTest2" time="0.007"/>
  <testcase classname="socialMedia.Twitter" name="LoginTest3" time="0.001"/>
  <testcase classname="socialMedia.Twitter" name="LoginTest4" time="0.001"/>
  <testcase classname="socialMedia.FaceBook" name="test1" time="0.001"/>
  <testcase classname="socialMedia.FaceBook" name="test2" time="0.0"/>
  <testcase classname="socialMedia.FaceBook" name="test3" time="0.001"/>
  <testcase classname="socialMedia.FaceBook" name="test4" time="0.001"/>
  <testcase classname="socialMedia.MySpace" name="Test1" time="0.0"/>
  <testcase classname="socialMedia.MySpace" name="Test2" time="0.0"/>
  <testcase classname="socialMedia.MySpace" name="Test3" time="0.001"/>
</testsuite> <!-- Default test -->
