<?xml version="1.0" encoding="UTF-8"?>
<!-- Generated by org.testng.reporters.JUnitXMLReporter -->
<testsuite ignored="0" hostname="DESKTOP-9686HG9" failures="0" tests="6" name="sanity Test" time="0.035" errors="0" timestamp="2020-06-28T02:55:31 EDT">
  <testcase classname="socialMedia.Twitter" name="LoginTest2" time="0.003"/>
  <testcase classname="socialMedia.Twitter" name="LoginTest3" time="0.001"/>
  <testcase classname="socialMedia.Twitter" name="LoginTest4" time="0.001"/>
  <testcase classname="socialMedia.MySpace" name="Test1" time="0.0"/>
  <testcase classname="socialMedia.MySpace" name="Test2" time="0.0"/>
  <testcase classname="socialMedia.MySpace" name="Test3" time="0.0"/>
</testsuite> <!-- sanity Test -->
