<?xml version="1.0" encoding="UTF-8"?>
<testng-results ignored="0" total="10" passed="10" failed="0" skipped="0">
  <reporter-output>
  </reporter-output>
  <suite started-at="2020-06-28T02:58:10 EDT" name="Suite" finished-at="2020-06-28T02:58:10 EDT" duration-ms="38">
    <groups>
    </groups>
    <test started-at="2020-06-28T02:58:10 EDT" name="smoke Test" finished-at="2020-06-28T02:58:10 EDT" duration-ms="38">
      <class name="socialMedia.Twitter">
        <test-method signature="LoginTest2()[pri:0, instance:socialMedia.Twitter@4c40b76e]" started-at="2020-06-28T02:58:10 EDT" name="LoginTest2" finished-at="2020-06-28T02:58:10 EDT" duration-ms="0" status="PASS">
          <reporter-output>
          </reporter-output>
        </test-method> <!-- LoginTest2 -->
        <test-method signature="LoginTest4()[pri:0, instance:socialMedia.Twitter@4c40b76e]" started-at="2020-06-28T02:58:10 EDT" name="LoginTest4" finished-at="2020-06-28T02:58:10 EDT" duration-ms="0" status="PASS">
          <reporter-output>
          </reporter-output>
        </test-method> <!-- LoginTest4 -->
        <test-method signature="LoginTest3()[pri:0, instance:socialMedia.Twitter@4c40b76e]" started-at="2020-06-28T02:58:10 EDT" name="LoginTest3" finished-at="2020-06-28T02:58:10 EDT" duration-ms="0" status="PASS">
          <reporter-output>
          </reporter-output>
        </test-method> <!-- LoginTest3 -->
      </class> <!-- socialMedia.Twitter -->
      <class name="socialMedia.FaceBook">
        <test-method signature="test1()[pri:0, instance:socialMedia.FaceBook@2d2e5f00]" started-at="2020-06-28T02:58:10 EDT" name="test1" finished-at="2020-06-28T02:58:10 EDT" duration-ms="3" status="PASS">
          <reporter-output>
          </reporter-output>
        </test-method> <!-- test1 -->
        <test-method signature="test2()[pri:0, instance:socialMedia.FaceBook@2d2e5f00]" started-at="2020-06-28T02:58:10 EDT" name="test2" finished-at="2020-06-28T02:58:10 EDT" duration-ms="0" status="PASS">
          <reporter-output>
          </reporter-output>
        </test-method> <!-- test2 -->
        <test-method signature="test3()[pri:0, instance:socialMedia.FaceBook@2d2e5f00]" started-at="2020-06-28T02:58:10 EDT" name="test3" finished-at="2020-06-28T02:58:10 EDT" duration-ms="0" status="PASS">
          <reporter-output>
          </reporter-output>
        </test-method> <!-- test3 -->
        <test-method signature="test4()[pri:0, instance:socialMedia.FaceBook@2d2e5f00]" started-at="2020-06-28T02:58:10 EDT" name="test4" finished-at="2020-06-28T02:58:10 EDT" duration-ms="0" status="PASS">
          <reporter-output>
          </reporter-output>
        </test-method> <!-- test4 -->
      </class> <!-- socialMedia.FaceBook -->
      <class name="socialMedia.MySpace">
        <test-method signature="Test1()[pri:0, instance:socialMedia.MySpace@2ea6137]" started-at="2020-06-28T02:58:10 EDT" name="Test1" finished-at="2020-06-28T02:58:10 EDT" duration-ms="0" status="PASS">
          <reporter-output>
          </reporter-output>
        </test-method> <!-- Test1 -->
        <test-method signature="Test2()[pri:0, instance:socialMedia.MySpace@2ea6137]" started-at="2020-06-28T02:58:10 EDT" name="Test2" finished-at="2020-06-28T02:58:10 EDT" duration-ms="0" status="PASS">
          <reporter-output>
          </reporter-output>
        </test-method> <!-- Test2 -->
        <test-method signature="Test3()[pri:0, instance:socialMedia.MySpace@2ea6137]" started-at="2020-06-28T02:58:10 EDT" name="Test3" finished-at="2020-06-28T02:58:10 EDT" duration-ms="0" status="PASS">
          <reporter-output>
          </reporter-output>
        </test-method> <!-- Test3 -->
      </class> <!-- socialMedia.MySpace -->
    </test> <!-- smoke Test -->
  </suite> <!-- Suite -->
</testng-results>
