<?xml version="1.0" encoding="UTF-8"?>
<testng-results ignored="0" total="6" passed="6" failed="0" skipped="0">
  <reporter-output>
  </reporter-output>
  <suite started-at="2020-06-19T00:35:38 EDT" name="Suite" finished-at="2020-06-19T00:35:38 EDT" duration-ms="37">
    <groups>
    </groups>
    <test started-at="2020-06-19T00:35:38 EDT" name="sanity Test" finished-at="2020-06-19T00:35:38 EDT" duration-ms="37">
      <class name="socialMedia.Twitter">
        <test-method signature="LoginTest2()[pri:0, instance:socialMedia.Twitter@18a70f16]" started-at="2020-06-19T00:35:38 EDT" name="LoginTest2" finished-at="2020-06-19T00:35:38 EDT" duration-ms="4" status="PASS">
          <reporter-output>
          </reporter-output>
        </test-method> <!-- LoginTest2 -->
        <test-method signature="LoginTest3()[pri:0, instance:socialMedia.Twitter@18a70f16]" started-at="2020-06-19T00:35:38 EDT" name="LoginTest3" finished-at="2020-06-19T00:35:38 EDT" duration-ms="0" status="PASS">
          <reporter-output>
          </reporter-output>
        </test-method> <!-- LoginTest3 -->
        <test-method signature="LoginTest4()[pri:0, instance:socialMedia.Twitter@18a70f16]" started-at="2020-06-19T00:35:38 EDT" name="LoginTest4" finished-at="2020-06-19T00:35:38 EDT" duration-ms="0" status="PASS">
          <reporter-output>
          </reporter-output>
        </test-method> <!-- LoginTest4 -->
      </class> <!-- socialMedia.Twitter -->
      <class name="socialMedia.MySpace">
        <test-method signature="Test1()[pri:0, instance:socialMedia.MySpace@62e136d3]" started-at="2020-06-19T00:35:38 EDT" name="Test1" finished-at="2020-06-19T00:35:38 EDT" duration-ms="0" status="PASS">
          <reporter-output>
          </reporter-output>
        </test-method> <!-- Test1 -->
        <test-method signature="Test2()[pri:0, instance:socialMedia.MySpace@62e136d3]" started-at="2020-06-19T00:35:38 EDT" name="Test2" finished-at="2020-06-19T00:35:38 EDT" duration-ms="0" status="PASS">
          <reporter-output>
          </reporter-output>
        </test-method> <!-- Test2 -->
        <test-method signature="Test3()[pri:0, instance:socialMedia.MySpace@62e136d3]" started-at="2020-06-19T00:35:38 EDT" name="Test3" finished-at="2020-06-19T00:35:38 EDT" duration-ms="0" status="PASS">
          <reporter-output>
          </reporter-output>
        </test-method> <!-- Test3 -->
      </class> <!-- socialMedia.MySpace -->
    </test> <!-- sanity Test -->
  </suite> <!-- Suite -->
</testng-results>
