<?xml version="1.0" encoding="UTF-8"?>
<testng-results ignored="0" total="4" passed="4" failed="0" skipped="0">
  <reporter-output>
  </reporter-output>
  <suite started-at="2020-06-28T02:54:30 EDT" name="Default suite" finished-at="2020-06-28T02:54:30 EDT" duration-ms="40">
    <groups>
    </groups>
    <test started-at="2020-06-28T02:54:30 EDT" name="Default test" finished-at="2020-06-28T02:54:30 EDT" duration-ms="40">
      <class name="socialMedia.FaceBook">
        <test-method signature="test1()[pri:0, instance:socialMedia.FaceBook@23986957]" started-at="2020-06-28T02:54:30 EDT" name="test1" finished-at="2020-06-28T02:54:30 EDT" duration-ms="7" status="PASS">
          <reporter-output>
          </reporter-output>
        </test-method> <!-- test1 -->
        <test-method signature="test2()[pri:0, instance:socialMedia.FaceBook@23986957]" started-at="2020-06-28T02:54:30 EDT" name="test2" finished-at="2020-06-28T02:54:30 EDT" duration-ms="1" status="PASS">
          <reporter-output>
          </reporter-output>
        </test-method> <!-- test2 -->
        <test-method signature="test3()[pri:0, instance:socialMedia.FaceBook@23986957]" started-at="2020-06-28T02:54:30 EDT" name="test3" finished-at="2020-06-28T02:54:30 EDT" duration-ms="1" status="PASS">
          <reporter-output>
          </reporter-output>
        </test-method> <!-- test3 -->
        <test-method signature="test4()[pri:0, instance:socialMedia.FaceBook@23986957]" started-at="2020-06-28T02:54:30 EDT" name="test4" finished-at="2020-06-28T02:54:30 EDT" duration-ms="1" status="PASS">
          <reporter-output>
          </reporter-output>
        </test-method> <!-- test4 -->
      </class> <!-- socialMedia.FaceBook -->
    </test> <!-- Default test -->
  </suite> <!-- Default suite -->
</testng-results>
